<html>
<head>
<title>TestNG:  Cucumber-TestNG Execution</title>
<link href="../testng.css" rel="stylesheet" type="text/css" />
<link href="../my-testng.css" rel="stylesheet" type="text/css" />

<style type="text/css">
.log { display: none;} 
.stack-trace { display: none;} 
</style>
<script type="text/javascript">
<!--
function flip(e) {
  current = e.style.display;
  if (current == 'block') {
    e.style.display = 'none';
    return 0;
  }
  else {
    e.style.display = 'block';
    return 1;
  }
}

function toggleBox(szDivId, elem, msg1, msg2)
{
  var res = -1;  if (document.getElementById) {
    res = flip(document.getElementById(szDivId));
  }
  else if (document.all) {
    // this is the way old msie versions work
    res = flip(document.all[szDivId]);
  }
  if(elem) {
    if(res == 0) elem.innerHTML = msg1; else elem.innerHTML = msg2;
  }

}

function toggleAllBoxes() {
  if (document.getElementsByTagName) {
    d = document.getElementsByTagName('div');
    for (i = 0; i < d.length; i++) {
      if (d[i].className == 'log') {
        flip(d[i]);
      }
    }
  }
}

// -->
</script>

</head>
<body>
<h2 align='center'>Cucumber-TestNG Execution</h2><table border='1' align="center">
<tr>
<td>Tests passed/Failed/Skipped:</td><td>3/4/0</td>
</tr><tr>
<td>Started on:</td><td>Fri Jul 25 13:39:10 IST 2025</td>
</tr>
<tr><td>Total time:</td><td>67 seconds (67941 ms)</td>
</tr><tr>
<td>Included groups:</td><td></td>
</tr><tr>
<td>Excluded groups:</td><td></td>
</tr>
</table><p/>
<small><i>(Hover the method name to see the test class name)</i></small><p/>
<table width='100%' border='1' class='invocation-failed'>
<tr><td colspan='4' align='center'><b>FAILED TESTS</b></td></tr>
<tr><td><b>Test method</b></td>
<td><b>Attribute(s)</b></td>
<td width="30%"><b>Exception</b></td>
<td width="10%"><b>Time (seconds)</b></td>
<td><b>Instance</b></td>
</tr>
<tr>
<td title='runners.TestRunner.runScenario()'><b>runScenario</b><br>Test class: runners.TestRunner<br>Test method: Runs Cucumber Scenarios<br>Parameters: "Student name contains special characters", "Student Name Field Validation"</td>
<td><div><pre>java.lang.AssertionError: Expected message to start with: &apos;No special characters allowed&apos;, but got: &apos;Registration was successful. The roll number generated is 5513.&apos; expected [true] but found [false]
	at stepdefinitions.RegistrationSteps.validate_dynamic_result(RegistrationSteps.java:97)
	at ?.the result should be &quot;No special characters allowed&quot;(file:///C:/Users/Asus/OneDrive/Desktop/Cogni/sprint2/src/test/resources/features/registration.feature:34)
... Removed 3 stack frames</pre></div><a href='#' onClick='toggleBox("stack-trace1291834365", this, "Click to show all stack frames", "Click to hide stack frames")'>Click to show all stack frames</a>
<div class='stack-trace' id='stack-trace1291834365'><pre>java.lang.AssertionError: Expected message to start with: &apos;No special characters allowed&apos;, but got: &apos;Registration was successful. The roll number generated is 5513.&apos; expected [true] but found [false]
	at org.testng.Assert.fail(Assert.java:111)
	at org.testng.Assert.failNotEquals(Assert.java:1578)
	at org.testng.Assert.assertTrue(Assert.java:57)
	at stepdefinitions.RegistrationSteps.validate_dynamic_result(RegistrationSteps.java:97)
	at ?.the result should be &quot;No special characters allowed&quot;(file:///C:/Users/Asus/OneDrive/Desktop/Cogni/sprint2/src/test/resources/features/registration.feature:34)
</pre></div></td>
<td>9</td>
<td>runners.TestRunner@4f18837a</td></tr>
<tr>
<td title='runners.TestRunner.runScenario()'><b>runScenario</b><br>Test class: runners.TestRunner<br>Test method: Runs Cucumber Scenarios<br>Parameters: "Student name exceeds 30 characters", "Student Name Field Validation"</td>
<td><div><pre>java.lang.AssertionError: Expected message to start with: &apos;Maximum 30 characters allowed&apos;, but got: &apos;Registration was successful. The roll number generated is 5514.&apos; expected [true] but found [false]
	at stepdefinitions.RegistrationSteps.validate_dynamic_result(RegistrationSteps.java:97)
	at ?.the result should be &quot;Maximum 30 characters allowed&quot;(file:///C:/Users/Asus/OneDrive/Desktop/Cogni/sprint2/src/test/resources/features/registration.feature:40)
... Removed 3 stack frames</pre></div><a href='#' onClick='toggleBox("stack-trace1434940020", this, "Click to show all stack frames", "Click to hide stack frames")'>Click to show all stack frames</a>
<div class='stack-trace' id='stack-trace1434940020'><pre>java.lang.AssertionError: Expected message to start with: &apos;Maximum 30 characters allowed&apos;, but got: &apos;Registration was successful. The roll number generated is 5514.&apos; expected [true] but found [false]
	at org.testng.Assert.fail(Assert.java:111)
	at org.testng.Assert.failNotEquals(Assert.java:1578)
	at org.testng.Assert.assertTrue(Assert.java:57)
	at stepdefinitions.RegistrationSteps.validate_dynamic_result(RegistrationSteps.java:97)
	at ?.the result should be &quot;Maximum 30 characters allowed&quot;(file:///C:/Users/Asus/OneDrive/Desktop/Cogni/sprint2/src/test/resources/features/registration.feature:40)
</pre></div></td>
<td>9</td>
<td>runners.TestRunner@4f18837a</td></tr>
<tr>
<td title='runners.TestRunner.runScenario()'><b>runScenario</b><br>Test class: runners.TestRunner<br>Test method: Runs Cucumber Scenarios<br>Parameters: "Student name contains numbers", "Student Name Field Validation"</td>
<td><div><pre>java.lang.AssertionError: Expected message to start with: &apos;No numbers allowed in student name&apos;, but got: &apos;Registration was successful. The roll number generated is 5512.&apos; expected [true] but found [false]
	at stepdefinitions.RegistrationSteps.validate_dynamic_result(RegistrationSteps.java:97)
	at ?.the result should be &quot;No numbers allowed in student name&quot;(file:///C:/Users/Asus/OneDrive/Desktop/Cogni/sprint2/src/test/resources/features/registration.feature:28)
... Removed 3 stack frames</pre></div><a href='#' onClick='toggleBox("stack-trace267061647", this, "Click to show all stack frames", "Click to hide stack frames")'>Click to show all stack frames</a>
<div class='stack-trace' id='stack-trace267061647'><pre>java.lang.AssertionError: Expected message to start with: &apos;No numbers allowed in student name&apos;, but got: &apos;Registration was successful. The roll number generated is 5512.&apos; expected [true] but found [false]
	at org.testng.Assert.fail(Assert.java:111)
	at org.testng.Assert.failNotEquals(Assert.java:1578)
	at org.testng.Assert.assertTrue(Assert.java:57)
	at stepdefinitions.RegistrationSteps.validate_dynamic_result(RegistrationSteps.java:97)
	at ?.the result should be &quot;No numbers allowed in student name&quot;(file:///C:/Users/Asus/OneDrive/Desktop/Cogni/sprint2/src/test/resources/features/registration.feature:28)
</pre></div></td>
<td>9</td>
<td>runners.TestRunner@4f18837a</td></tr>
<tr>
<td title='runners.TestRunner.runScenario()'><b>runScenario</b><br>Test class: runners.TestRunner<br>Test method: Runs Cucumber Scenarios<br>Parameters: "Student name has only 1 character", "Student Name Field Validation"</td>
<td><div><pre>java.lang.AssertionError: Expected message to start with: &apos;Minimum 2 characters required&apos;, but got: &apos;Registration was successful. The roll number generated is 5510.&apos; expected [true] but found [false]
	at stepdefinitions.RegistrationSteps.validate_dynamic_result(RegistrationSteps.java:97)
	at ?.the result should be &quot;Minimum 2 characters required&quot;(file:///C:/Users/Asus/OneDrive/Desktop/Cogni/sprint2/src/test/resources/features/registration.feature:16)
... Removed 3 stack frames</pre></div><a href='#' onClick='toggleBox("stack-trace579590740", this, "Click to show all stack frames", "Click to hide stack frames")'>Click to show all stack frames</a>
<div class='stack-trace' id='stack-trace579590740'><pre>java.lang.AssertionError: Expected message to start with: &apos;Minimum 2 characters required&apos;, but got: &apos;Registration was successful. The roll number generated is 5510.&apos; expected [true] but found [false]
	at org.testng.Assert.fail(Assert.java:111)
	at org.testng.Assert.failNotEquals(Assert.java:1578)
	at org.testng.Assert.assertTrue(Assert.java:57)
	at stepdefinitions.RegistrationSteps.validate_dynamic_result(RegistrationSteps.java:97)
	at ?.the result should be &quot;Minimum 2 characters required&quot;(file:///C:/Users/Asus/OneDrive/Desktop/Cogni/sprint2/src/test/resources/features/registration.feature:16)
</pre></div></td>
<td>11</td>
<td>runners.TestRunner@4f18837a</td></tr>
</table><p>
<table width='100%' border='1' class='invocation-passed'>
<tr><td colspan='4' align='center'><b>PASSED TESTS</b></td></tr>
<tr><td><b>Test method</b></td>
<td><b>Attribute(s)</b></td>
<td width="30%"><b>Exception</b></td>
<td width="10%"><b>Time (seconds)</b></td>
<td><b>Instance</b></td>
</tr>
<tr>
<td title='runners.TestRunner.runScenario()'><b>runScenario</b><br>Test class: runners.TestRunner<br>Test method: Runs Cucumber Scenarios<br>Parameters: "Student name has 2 characters", "Student Name Field Validation"</td>
<td></td>
<td>9</td>
<td>runners.TestRunner@4f18837a</td></tr>
<tr>
<td title='runners.TestRunner.runScenario()'><b>runScenario</b><br>Test class: runners.TestRunner<br>Test method: Runs Cucumber Scenarios<br>Parameters: "Student name is empty", "Student Name Field Validation"</td>
<td></td>
<td>10</td>
<td>runners.TestRunner@4f18837a</td></tr>
<tr>
<td title='runners.TestRunner.runScenario()'><b>runScenario</b><br>Test class: runners.TestRunner<br>Test method: Runs Cucumber Scenarios<br>Parameters: "Student name is valid", "Student Name Field Validation"</td>
<td></td>
<td>8</td>
<td>runners.TestRunner@4f18837a</td></tr>
</table><p>
</body>
</html>