<?xml version="1.0" encoding="UTF-8"?>
<!-- Generated by org.testng.reporters.JUnitXMLReporter -->
<testsuite ignored="0" hostname="Asuszenbook-14" failures="4" tests="7" name="Cucumber-TestNG Execution" time="60.261" errors="0" timestamp="2025-07-24T17:04:44 IST">
  <testcase classname="io.cucumber.testng.AbstractTestNGCucumberTests" name="runScenario" time="11.638"/>
  <testcase classname="io.cucumber.testng.AbstractTestNGCucumberTests" name="runScenario" time="7.969">
    <failure type="java.lang.AssertionError" message="Expected message to start with: &amp;apos;Minimum 2 characters required&amp;apos;, but got: &amp;apos;Registration was successful. The roll number generated is 4878.&amp;apos; expected [true] but found [false]">
      <![CDATA[java.lang.AssertionError: Expected message to start with: 'Minimum 2 characters required', but got: 'Registration was successful. The roll number generated is 4878.' expected [true] but found [false]
at stepdefinitions.RegistrationSteps.validate_dynamic_result(RegistrationSteps.java:76)
at ✽.the result should be "Minimum 2 characters required"(file:///C:/Users/Asus/OneDrive/Desktop/Cogni/sprint2/src/test/resources/features/registration.feature:10)
... Removed 3 stack frames]]>
    </failure>
  </testcase> <!-- runScenario -->
  <testcase classname="io.cucumber.testng.AbstractTestNGCucumberTests" name="runScenario" time="7.821"/>
  <testcase classname="io.cucumber.testng.AbstractTestNGCucumberTests" name="runScenario" time="7.897">
    <failure type="java.lang.AssertionError" message="Expected message to start with: &amp;apos;No numbers allowed in student name&amp;apos;, but got: &amp;apos;Registration was successful. The roll number generated is 4880.&amp;apos; expected [true] but found [false]">
      <![CDATA[java.lang.AssertionError: Expected message to start with: 'No numbers allowed in student name', but got: 'Registration was successful. The roll number generated is 4880.' expected [true] but found [false]
at stepdefinitions.RegistrationSteps.validate_dynamic_result(RegistrationSteps.java:76)
at ✽.the result should be "No numbers allowed in student name"(file:///C:/Users/Asus/OneDrive/Desktop/Cogni/sprint2/src/test/resources/features/registration.feature:10)
... Removed 3 stack frames]]>
    </failure>
  </testcase> <!-- runScenario -->
  <testcase classname="io.cucumber.testng.AbstractTestNGCucumberTests" name="runScenario" time="7.88">
    <failure type="java.lang.AssertionError" message="Expected message to start with: &amp;apos;No special characters allowed&amp;apos;, but got: &amp;apos;Registration was successful. The roll number generated is 4881.&amp;apos; expected [true] but found [false]">
      <![CDATA[java.lang.AssertionError: Expected message to start with: 'No special characters allowed', but got: 'Registration was successful. The roll number generated is 4881.' expected [true] but found [false]
at stepdefinitions.RegistrationSteps.validate_dynamic_result(RegistrationSteps.java:76)
at ✽.the result should be "No special characters allowed"(file:///C:/Users/Asus/OneDrive/Desktop/Cogni/sprint2/src/test/resources/features/registration.feature:10)
... Removed 3 stack frames]]>
    </failure>
  </testcase> <!-- runScenario -->
  <testcase classname="io.cucumber.testng.AbstractTestNGCucumberTests" name="runScenario" time="8.103">
    <failure type="java.lang.AssertionError" message="Expected message to start with: &amp;apos;Maximum 30 characters allowed&amp;apos;, but got: &amp;apos;Registration was successful. The roll number generated is 4882.&amp;apos; expected [true] but found [false]">
      <![CDATA[java.lang.AssertionError: Expected message to start with: 'Maximum 30 characters allowed', but got: 'Registration was successful. The roll number generated is 4882.' expected [true] but found [false]
at stepdefinitions.RegistrationSteps.validate_dynamic_result(RegistrationSteps.java:76)
at ✽.the result should be "Maximum 30 characters allowed"(file:///C:/Users/Asus/OneDrive/Desktop/Cogni/sprint2/src/test/resources/features/registration.feature:10)
... Removed 3 stack frames]]>
    </failure>
  </testcase> <!-- runScenario -->
  <testcase classname="io.cucumber.testng.AbstractTestNGCucumberTests" name="runScenario" time="7.995"/>
</testsuite> <!-- Cucumber-TestNG Execution -->
