<!DOCTYPE html PUBLIC "-//W3C//DTD XHTML 1.1//EN" "https://www.w3.org/TR/xhtml11/DTD/xhtml11.dtd">
<html xmlns="https://www.w3.org/1999/xhtml">
<head>
<meta http-equiv="content-type" content="text/html; charset=UTF-8"/>
<title>TestNG Report</title>
<style type="text/css">table {margin-bottom:10px;border-collapse:collapse;empty-cells:show}th,td {border:1px solid #009;padding:.25em .5em}th {vertical-align:bottom}td {vertical-align:top}table a {font-weight:bold}.stripe td {background-color: #E6EBF9}.num {text-align:right}.passedodd td {background-color: #3F3}.passedeven td {background-color: #0A0}.skippedodd td {background-color: #DDD}.skippedeven td {background-color: #CCC}.failedodd td,.attn {background-color: #F33}.failedeven td,.stripe .attn {background-color: #D00}.stacktrace {white-space:pre;font-family:monospace}.totop {font-size:85%;text-align:center;border-bottom:2px solid #000}.invisible {display:none}</style>
</head>
<body>
<table>
<tr><th>Test</th><th># Passed</th><th># Skipped</th><th># Retried</th><th># Failed</th><th>Time (ms)</th><th>Included Groups</th><th>Excluded Groups</th></tr>
<tr><th colspan="8">Student Name Field Validation Suite</th></tr>
<tr><td><a href="#t0">Cucumber-TestNG Execution</a></td><td class="num">4</td><td class="num">0</td><td class="num">0</td><td class="num attn">5</td><td class="num">42,869</td><td></td><td></td></tr>
</table>
<table id='summary'><thead><tr><th>Class</th><th>Method</th><th>Start</th><th>Time (ms)</th></tr></thead><tbody><tr><th colspan="4">Student Name Field Validation Suite</th></tr></tbody><tbody id="t0"><tr><th colspan="4">Cucumber-TestNG Execution &#8212; failed</th></tr><tr class="failedeven"><td rowspan="5">runners.TestRunner</td><td><a href="#m0">runScenario</a></td><td rowspan="5">1753627548283</td><td rowspan="5">4857</td></tr><tr class="failedeven"><td><a href="#m1">runScenario</a></td></tr><tr class="failedeven"><td><a href="#m2">runScenario</a></td></tr><tr class="failedeven"><td><a href="#m3">runScenario</a></td></tr><tr class="failedeven"><td><a href="#m4">runScenario</a></td></tr><tr><th colspan="4">Cucumber-TestNG Execution &#8212; passed</th></tr><tr class="passedeven"><td rowspan="4">runners.TestRunner</td><td><a href="#m5">runScenario</a></td><td rowspan="4">1753627525724</td><td rowspan="4">4563</td></tr><tr class="passedeven"><td><a href="#m6">runScenario</a></td></tr><tr class="passedeven"><td><a href="#m7">runScenario</a></td></tr><tr class="passedeven"><td><a href="#m8">runScenario</a></td></tr></tbody>
</table>
<h2>Cucumber-TestNG Execution</h2><h3 id="m0">runners.TestRunner#runScenario</h3><table class="result"><tr class="param"><th>Parameter #1</th><th>Parameter #2</th></tr><tr class="param stripe"><td>&quot;Student name contains special characters&quot;</td><td>&quot;Student Name Field Validation&quot;</td></tr><tr><th colspan="2">Exception</th></tr><tr><td colspan="2"><div class="stacktrace">java.lang.AssertionError: Expected message to start with: &apos;No special characters allowed&apos;, but got: &apos;Registration was successful. The roll number generated is 6703.&apos; expected [true] but found [false]
	at stepdefinitions.RegistrationSteps.validate_dynamic_result(RegistrationSteps.java:69)
	at ✽.the result should be &quot;No special characters allowed&quot;(file:///C:/Users/Asus/OneDrive/Desktop/Cogni/sprint2/src/test/resources/features/registration.feature:34)
... Removed 3 stack frames</div></td></tr></table><p class="totop"><a href="#summary">back to summary</a></p>
<h3 id="m1">runners.TestRunner#runScenario</h3><table class="result"><tr class="param"><th>Parameter #1</th><th>Parameter #2</th></tr><tr class="param stripe"><td>&quot;Student name exceeds 30 characters&quot;</td><td>&quot;Student Name Field Validation&quot;</td></tr><tr><th colspan="2">Exception</th></tr><tr><td colspan="2"><div class="stacktrace">java.lang.AssertionError: Expected message to start with: &apos;Maximum 30 characters allowed&apos;, but got: &apos;Registration was successful. The roll number generated is 6704.&apos; expected [true] but found [false]
	at stepdefinitions.RegistrationSteps.validate_dynamic_result(RegistrationSteps.java:69)
	at ✽.the result should be &quot;Maximum 30 characters allowed&quot;(file:///C:/Users/Asus/OneDrive/Desktop/Cogni/sprint2/src/test/resources/features/registration.feature:40)
... Removed 3 stack frames</div></td></tr></table><p class="totop"><a href="#summary">back to summary</a></p>
<h3 id="m2">runners.TestRunner#runScenario</h3><table class="result"><tr class="param"><th>Parameter #1</th><th>Parameter #2</th></tr><tr class="param stripe"><td>&quot;Click register without entering any data&quot;</td><td>&quot;Registration Button&quot;</td></tr><tr><th colspan="2">Exception</th></tr><tr><td colspan="2"><div class="stacktrace">java.lang.AssertionError: Expected message to start with: &apos;Provide value for all fields&apos;, but got: &apos;Provide value for student name, Provide value for mobile number, Provide value for email id, Provide value for cgpa, Provide value for department name, Provide value for backlog count,&apos; expected [true] but found [false]
	at stepdefinitions.RegistrationSteps.validate_dynamic_result(RegistrationSteps.java:69)
	at ✽.the result should be &quot;Provide value for all fields&quot;(file:///C:/Users/Asus/OneDrive/Desktop/Cogni/sprint2/src/test/resources/features/register_button.feature:6)
... Removed 3 stack frames</div></td></tr></table><p class="totop"><a href="#summary">back to summary</a></p>
<h3 id="m3">runners.TestRunner#runScenario</h3><table class="result"><tr class="param"><th>Parameter #1</th><th>Parameter #2</th></tr><tr class="param stripe"><td>&quot;Student name has only 1 character&quot;</td><td>&quot;Student Name Field Validation&quot;</td></tr><tr><th colspan="2">Exception</th></tr><tr><td colspan="2"><div class="stacktrace">java.lang.AssertionError: Expected message to start with: &apos;Minimum 2 characters required&apos;, but got: &apos;Registration was successful. The roll number generated is 6700.&apos; expected [true] but found [false]
	at stepdefinitions.RegistrationSteps.validate_dynamic_result(RegistrationSteps.java:69)
	at ✽.the result should be &quot;Minimum 2 characters required&quot;(file:///C:/Users/Asus/OneDrive/Desktop/Cogni/sprint2/src/test/resources/features/registration.feature:16)
... Removed 3 stack frames</div></td></tr></table><p class="totop"><a href="#summary">back to summary</a></p>
<h3 id="m4">runners.TestRunner#runScenario</h3><table class="result"><tr class="param"><th>Parameter #1</th><th>Parameter #2</th></tr><tr class="param stripe"><td>&quot;Student name contains numbers&quot;</td><td>&quot;Student Name Field Validation&quot;</td></tr><tr><th colspan="2">Exception</th></tr><tr><td colspan="2"><div class="stacktrace">java.lang.AssertionError: Expected message to start with: &apos;No numbers allowed in student name&apos;, but got: &apos;Registration was successful. The roll number generated is 6702.&apos; expected [true] but found [false]
	at stepdefinitions.RegistrationSteps.validate_dynamic_result(RegistrationSteps.java:69)
	at ✽.the result should be &quot;No numbers allowed in student name&quot;(file:///C:/Users/Asus/OneDrive/Desktop/Cogni/sprint2/src/test/resources/features/registration.feature:28)
... Removed 3 stack frames</div></td></tr></table><p class="totop"><a href="#summary">back to summary</a></p>
<h3 id="m5">runners.TestRunner#runScenario</h3><table class="result"><tr class="param"><th>Parameter #1</th><th>Parameter #2</th></tr><tr class="param stripe"><td>&quot;Click register with valid student name&quot;</td><td>&quot;Registration Button&quot;</td></tr></table><p class="totop"><a href="#summary">back to summary</a></p>
<h3 id="m6">runners.TestRunner#runScenario</h3><table class="result"><tr class="param"><th>Parameter #1</th><th>Parameter #2</th></tr><tr class="param stripe"><td>&quot;Student name is empty&quot;</td><td>&quot;Student Name Field Validation&quot;</td></tr></table><p class="totop"><a href="#summary">back to summary</a></p>
<h3 id="m7">runners.TestRunner#runScenario</h3><table class="result"><tr class="param"><th>Parameter #1</th><th>Parameter #2</th></tr><tr class="param stripe"><td>&quot;Student name is valid&quot;</td><td>&quot;Student Name Field Validation&quot;</td></tr></table><p class="totop"><a href="#summary">back to summary</a></p>
<h3 id="m8">runners.TestRunner#runScenario</h3><table class="result"><tr class="param"><th>Parameter #1</th><th>Parameter #2</th></tr><tr class="param stripe"><td>&quot;Student name has 2 characters&quot;</td><td>&quot;Student Name Field Validation&quot;</td></tr></table><p class="totop"><a href="#summary">back to summary</a></p>
</body>
</html>
