<?xml version="1.0" encoding="UTF-8"?>
<!-- Generated by org.testng.reporters.JUnitReportReporter -->
<testsuite hostname="Asuszenbook-14" failures="1" tests="2" name="runners.TestRunner" time="26.937" errors="0" timestamp="2025-07-26T12:09:32 IST" skipped="0">
  <testcase classname="runners.TestRunner" name="runScenario" time="11.997"/>
  <testcase classname="runners.TestRunner" name="runScenario" time="14.940">
    <failure message="Expected message to start with: &#039;Provide value for all fields&#039;, but got: &#039;Provide value for student name, Provide value for mobile number, Provide value for email id, Provide value for cgpa, Provide value for department name, Provide value for backlog count,&#039; expected [true] but found [false]" type="java.lang.AssertionError">
      <![CDATA[java.lang.AssertionError: Expected message to start with: 'Provide value for all fields', but got: 'Provide value for student name, Provide value for mobile number, Provide value for email id, Provide value for cgpa, Provide value for department name, Provide value for backlog count,' expected [true] but found [false]
at org.testng.Assert.fail(Assert.java:111)
at org.testng.Assert.failNotEquals(Assert.java:1578)
at org.testng.Assert.assertTrue(Assert.java:57)
at stepdefinitions.RegistrationSteps.validate_dynamic_result(RegistrationSteps.java:81)
at âœ½.the result should be "Provide value for all fields"(file:///C:/Users/Asus/OneDrive/Desktop/Cogni/sprint2/src/test/resources/features/register_button.feature:6)
]]>
    </failure>
  </testcase> <!-- runScenario -->
</testsuite> <!-- runners.TestRunner -->
